<?xml version="1.0" encoding="UTF-8"?>
<testsuite name="com.mindex.challenge.ChallengeApplicationTests" tests="1" skipped="0" failures="0" errors="0" timestamp="2021-02-17T20:37:04" hostname="Conners-MacBook-Pro.local" time="0.003">
  <properties/>
  <testcase name="contextLoads" classname="com.mindex.challenge.ChallengeApplicationTests" time="0.003"/>
  <system-out><![CDATA[2021-02-17 15:37:04.623  INFO 40158 --- [    Test worker] .b.t.c.SpringBootTestContextBootstrapper : Neither @ContextConfiguration nor @ContextHierarchy found for test class [com.mindex.challenge.ChallengeApplicationTests], using SpringBootContextLoader
2021-02-17 15:37:04.624  INFO 40158 --- [    Test worker] o.s.t.c.support.AbstractContextLoader    : Could not detect default resource locations for test class [com.mindex.challenge.ChallengeApplicationTests]: no resource found for suffixes {-context.xml, Context.groovy}.
2021-02-17 15:37:04.624  INFO 40158 --- [    Test worker] t.c.s.AnnotationConfigContextLoaderUtils : Could not detect default configuration classes for test class [com.mindex.challenge.ChallengeApplicationTests]: ChallengeApplicationTests does not declare any static, non-private, non-final, nested classes annotated with @Configuration.
2021-02-17 15:37:04.625  INFO 40158 --- [    Test worker] .b.t.c.SpringBootTestContextBootstrapper : Found @SpringBootConfiguration com.mindex.challenge.ChallengeApplication for test class com.mindex.challenge.ChallengeApplicationTests
2021-02-17 15:37:04.626  INFO 40158 --- [    Test worker] .b.t.c.SpringBootTestContextBootstrapper : Loaded default TestExecutionListener class names from location [META-INF/spring.factories]: [org.springframework.boot.test.autoconfigure.restdocs.RestDocsTestExecutionListener, org.springframework.boot.test.autoconfigure.web.client.MockRestServiceServerResetTestExecutionListener, org.springframework.boot.test.autoconfigure.web.servlet.MockMvcPrintOnlyOnFailureTestExecutionListener, org.springframework.boot.test.autoconfigure.web.servlet.WebDriverTestExecutionListener, org.springframework.boot.test.mock.mockito.MockitoTestExecutionListener, org.springframework.boot.test.mock.mockito.ResetMocksTestExecutionListener, org.springframework.test.context.web.ServletTestExecutionListener, org.springframework.test.context.support.DirtiesContextBeforeModesTestExecutionListener, org.springframework.test.context.support.DependencyInjectionTestExecutionListener, org.springframework.test.context.support.DirtiesContextTestExecutionListener, org.springframework.test.context.transaction.TransactionalTestExecutionListener, org.springframework.test.context.jdbc.SqlScriptsTestExecutionListener, org.springframework.test.context.event.EventPublishingTestExecutionListener]
2021-02-17 15:37:04.626  INFO 40158 --- [    Test worker] .b.t.c.SpringBootTestContextBootstrapper : Using TestExecutionListeners: [org.springframework.test.context.web.ServletTestExecutionListener@543a0e2d, org.springframework.test.context.support.DirtiesContextBeforeModesTestExecutionListener@6576a9a4, org.springframework.boot.test.mock.mockito.MockitoTestExecutionListener@53127072, org.springframework.boot.test.autoconfigure.SpringBootDependencyInjectionTestExecutionListener@38cefa0e, org.springframework.test.context.support.DirtiesContextTestExecutionListener@3c81d05c, org.springframework.test.context.transaction.TransactionalTestExecutionListener@6cea65e1, org.springframework.test.context.jdbc.SqlScriptsTestExecutionListener@2c3b19ee, org.springframework.test.context.event.EventPublishingTestExecutionListener@636a88ed, org.springframework.boot.test.autoconfigure.restdocs.RestDocsTestExecutionListener@515bb7ec, org.springframework.boot.test.autoconfigure.web.client.MockRestServiceServerResetTestExecutionListener@6ea1154b, org.springframework.boot.test.autoconfigure.web.servlet.MockMvcPrintOnlyOnFailureTestExecutionListener@1aa18518, org.springframework.boot.test.autoconfigure.web.servlet.WebDriverTestExecutionListener@2dbb5b41, org.springframework.boot.test.mock.mockito.ResetMocksTestExecutionListener@21d37dcd]
]]></system-out>
  <system-err><![CDATA[]]></system-err>
</testsuite>
