<?xml version="1.0" encoding="UTF-8"?>
<testsuite name="com.mindex.challenge.service.impl.EmployeeServiceImplTest" tests="1" skipped="0" failures="0" errors="0" timestamp="2021-02-17T20:37:04" hostname="Conners-MacBook-Pro.local" time="0.144">
  <properties/>
  <testcase name="testCreateReadUpdate" classname="com.mindex.challenge.service.impl.EmployeeServiceImplTest" time="0.144"/>
  <system-out><![CDATA[2021-02-17 15:37:03.724  INFO 40158 --- [    Test worker] .b.t.c.SpringBootTestContextBootstrapper : Neither @ContextConfiguration nor @ContextHierarchy found for test class [com.mindex.challenge.service.impl.EmployeeServiceImplTest], using SpringBootContextLoader
2021-02-17 15:37:03.725  INFO 40158 --- [    Test worker] o.s.t.c.support.AbstractContextLoader    : Could not detect default resource locations for test class [com.mindex.challenge.service.impl.EmployeeServiceImplTest]: no resource found for suffixes {-context.xml, Context.groovy}.
2021-02-17 15:37:03.725  INFO 40158 --- [    Test worker] t.c.s.AnnotationConfigContextLoaderUtils : Could not detect default configuration classes for test class [com.mindex.challenge.service.impl.EmployeeServiceImplTest]: EmployeeServiceImplTest does not declare any static, non-private, non-final, nested classes annotated with @Configuration.
2021-02-17 15:37:03.731  INFO 40158 --- [    Test worker] .b.t.c.SpringBootTestContextBootstrapper : Found @SpringBootConfiguration com.mindex.challenge.ChallengeApplication for test class com.mindex.challenge.service.impl.EmployeeServiceImplTest
2021-02-17 15:37:03.732  INFO 40158 --- [    Test worker] .b.t.c.SpringBootTestContextBootstrapper : Loaded default TestExecutionListener class names from location [META-INF/spring.factories]: [org.springframework.boot.test.autoconfigure.restdocs.RestDocsTestExecutionListener, org.springframework.boot.test.autoconfigure.web.client.MockRestServiceServerResetTestExecutionListener, org.springframework.boot.test.autoconfigure.web.servlet.MockMvcPrintOnlyOnFailureTestExecutionListener, org.springframework.boot.test.autoconfigure.web.servlet.WebDriverTestExecutionListener, org.springframework.boot.test.mock.mockito.MockitoTestExecutionListener, org.springframework.boot.test.mock.mockito.ResetMocksTestExecutionListener, org.springframework.test.context.web.ServletTestExecutionListener, org.springframework.test.context.support.DirtiesContextBeforeModesTestExecutionListener, org.springframework.test.context.support.DependencyInjectionTestExecutionListener, org.springframework.test.context.support.DirtiesContextTestExecutionListener, org.springframework.test.context.transaction.TransactionalTestExecutionListener, org.springframework.test.context.jdbc.SqlScriptsTestExecutionListener, org.springframework.test.context.event.EventPublishingTestExecutionListener]
2021-02-17 15:37:03.732  INFO 40158 --- [    Test worker] .b.t.c.SpringBootTestContextBootstrapper : Using TestExecutionListeners: [org.springframework.test.context.web.ServletTestExecutionListener@4aff5daa, org.springframework.test.context.support.DirtiesContextBeforeModesTestExecutionListener@61b4cfff, org.springframework.boot.test.mock.mockito.MockitoTestExecutionListener@54ec5d9f, org.springframework.boot.test.autoconfigure.SpringBootDependencyInjectionTestExecutionListener@110e6035, org.springframework.test.context.support.DirtiesContextTestExecutionListener@21ac7db3, org.springframework.test.context.transaction.TransactionalTestExecutionListener@66a0954e, org.springframework.test.context.jdbc.SqlScriptsTestExecutionListener@50963ca0, org.springframework.test.context.event.EventPublishingTestExecutionListener@32fbf14f, org.springframework.boot.test.autoconfigure.restdocs.RestDocsTestExecutionListener@70785346, org.springframework.boot.test.autoconfigure.web.client.MockRestServiceServerResetTestExecutionListener@1210a2e2, org.springframework.boot.test.autoconfigure.web.servlet.MockMvcPrintOnlyOnFailureTestExecutionListener@7382ff3c, org.springframework.boot.test.autoconfigure.web.servlet.WebDriverTestExecutionListener@1e1e098a, org.springframework.boot.test.mock.mockito.ResetMocksTestExecutionListener@2cce9b6c]

  .   ____          _            __ _ _
 /\\ / ___'_ __ _ _(_)_ __  __ _ \ \ \ \
( ( )\___ | '_ | '_| | '_ \/ _` | \ \ \ \
 \\/  ___)| |_)| | | | | || (_| |  ) ) ) )
  '  |____| .__|_| |_|_| |_\__, | / / / /
 =========|_|==============|___/=/_/_/_/
 :: Spring Boot ::        (v2.2.0.RELEASE)

2021-02-17 15:37:03.749  INFO 40158 --- [    Test worker] c.m.c.s.impl.EmployeeServiceImplTest     : Starting EmployeeServiceImplTest on Conners-MacBook-Pro.local with PID 40158 (started by connershum in /Users/connershum/Desktop/mindex-java-code-challenge)
2021-02-17 15:37:03.750 DEBUG 40158 --- [    Test worker] c.m.c.s.impl.EmployeeServiceImplTest     : Running with Spring Boot v2.2.0.RELEASE, Spring v5.2.0.RELEASE
2021-02-17 15:37:03.750  INFO 40158 --- [    Test worker] c.m.c.s.impl.EmployeeServiceImplTest     : No active profile set, falling back to default profiles: default
2021-02-17 15:37:03.834  INFO 40158 --- [    Test worker] .s.d.r.c.RepositoryConfigurationDelegate : Bootstrapping Spring Data repositories in DEFAULT mode.
2021-02-17 15:37:03.838  INFO 40158 --- [    Test worker] .s.d.r.c.RepositoryConfigurationDelegate : Finished Spring Data repository scanning in 4ms. Found 2 repository interfaces.
2021-02-17 15:37:04.024  INFO 40158 --- [    Test worker] o.s.b.w.embedded.tomcat.TomcatWebServer  : Tomcat initialized with port(s): 0 (http)
2021-02-17 15:37:04.033  INFO 40158 --- [    Test worker] o.apache.catalina.core.StandardService   : Starting service [Tomcat]
2021-02-17 15:37:04.033  INFO 40158 --- [    Test worker] org.apache.catalina.core.StandardEngine  : Starting Servlet engine: [Apache Tomcat/9.0.27]
2021-02-17 15:37:04.107  INFO 40158 --- [    Test worker] o.a.c.c.C.[Tomcat].[localhost].[/]       : Initializing Spring embedded WebApplicationContext
2021-02-17 15:37:04.107  INFO 40158 --- [    Test worker] o.s.web.context.ContextLoader            : Root WebApplicationContext: initialization completed in 352 ms
2021-02-17 15:37:04.193  INFO 40158 --- [    Test worker] de.bwaldvogel.mongo.MongoServer          : started MongoServer(port: 51191, ssl: false)
2021-02-17 15:37:04.194  INFO 40158 --- [    Test worker] org.mongodb.driver.cluster               : Cluster created with settings {hosts=[127.0.0.1:51191], mode=SINGLE, requiredClusterType=UNKNOWN, serverSelectionTimeout='30000 ms', maxWaitQueueSize=500}
2021-02-17 15:37:04.196  INFO 40158 --- [-server-worker1] d.b.mongo.wire.MongoWireProtocolHandler  : client [id: 0x4084507e, L:/127.0.0.1:51191 - R:/127.0.0.1:51192] connected
2021-02-17 15:37:04.201  WARN 40158 --- [    Test worker] o.s.data.convert.CustomConversions       : Registering converter from class java.time.LocalDateTime to class java.time.Instant as reading converter although it doesn't convert from a store-supported type! You might wanna check you annotation setup at the converter implementation.
2021-02-17 15:37:04.201  WARN 40158 --- [    Test worker] o.s.data.convert.CustomConversions       : Registering converter from class java.time.Instant to class java.time.LocalDateTime as reading converter although it doesn't convert from a store-supported type! You might wanna check you annotation setup at the converter implementation.
2021-02-17 15:37:04.202  WARN 40158 --- [    Test worker] o.s.data.convert.CustomConversions       : Registering converter from class java.time.LocalDateTime to class java.time.Instant as reading converter although it doesn't convert from a store-supported type! You might wanna check you annotation setup at the converter implementation.
2021-02-17 15:37:04.202  WARN 40158 --- [    Test worker] o.s.data.convert.CustomConversions       : Registering converter from class java.time.Instant to class java.time.LocalDateTime as reading converter although it doesn't convert from a store-supported type! You might wanna check you annotation setup at the converter implementation.
2021-02-17 15:37:04.211  INFO 40158 --- [127.0.0.1:51191] org.mongodb.driver.connection            : Opened connection [connectionId{localValue:3}] to 127.0.0.1:51191
2021-02-17 15:37:04.212  INFO 40158 --- [127.0.0.1:51191] org.mongodb.driver.cluster               : Monitor thread successfully connected to server with description ServerDescription{address=127.0.0.1:51191, type=STANDALONE, state=CONNECTED, ok=true, version=ServerVersion{versionList=[3, 0, 0]}, minWireVersion=0, maxWireVersion=2, maxDocumentSize=16777216, logicalSessionTimeoutMinutes=null, roundTripTimeNanos=768844}
2021-02-17 15:37:04.253  INFO 40158 --- [-server-worker2] d.b.mongo.wire.MongoWireProtocolHandler  : client [id: 0x89fa471c, L:/127.0.0.1:51191 - R:/127.0.0.1:51193] connected
2021-02-17 15:37:04.265  INFO 40158 --- [    Test worker] org.mongodb.driver.connection            : Opened connection [connectionId{localValue:4}] to 127.0.0.1:51191
2021-02-17 15:37:04.266  INFO 40158 --- [-server-worker2] d.b.mongo.backend.AbstractMongoBackend   : created database test
2021-02-17 15:37:04.266  INFO 40158 --- [-server-worker2] d.b.mongo.backend.AbstractMongoDatabase  : adding unique _id index for collection employee
2021-02-17 15:37:04.267  INFO 40158 --- [-server-worker2] d.b.mongo.backend.AbstractMongoDatabase  : created collection test.employee
2021-02-17 15:37:04.273  INFO 40158 --- [-server-worker2] d.b.mongo.backend.AbstractMongoDatabase  : adding unique _id index for collection compensation
2021-02-17 15:37:04.273  INFO 40158 --- [-server-worker2] d.b.mongo.backend.AbstractMongoDatabase  : created collection test.compensation
2021-02-17 15:37:04.346  INFO 40158 --- [    Test worker] o.s.s.concurrent.ThreadPoolTaskExecutor  : Initializing ExecutorService 'applicationTaskExecutor'
2021-02-17 15:37:04.416  WARN 40158 --- [    Test worker] o.s.data.convert.CustomConversions       : Registering converter from class java.time.LocalDateTime to class java.time.Instant as reading converter although it doesn't convert from a store-supported type! You might wanna check you annotation setup at the converter implementation.
2021-02-17 15:37:04.416  WARN 40158 --- [    Test worker] o.s.data.convert.CustomConversions       : Registering converter from class java.time.Instant to class java.time.LocalDateTime as reading converter although it doesn't convert from a store-supported type! You might wanna check you annotation setup at the converter implementation.
2021-02-17 15:37:04.424  WARN 40158 --- [    Test worker] o.s.data.convert.CustomConversions       : Registering converter from class java.time.LocalDateTime to class java.time.Instant as reading converter although it doesn't convert from a store-supported type! You might wanna check you annotation setup at the converter implementation.
2021-02-17 15:37:04.424  WARN 40158 --- [    Test worker] o.s.data.convert.CustomConversions       : Registering converter from class java.time.Instant to class java.time.LocalDateTime as reading converter although it doesn't convert from a store-supported type! You might wanna check you annotation setup at the converter implementation.
2021-02-17 15:37:04.475  INFO 40158 --- [    Test worker] o.s.b.w.embedded.tomcat.TomcatWebServer  : Tomcat started on port(s): 51194 (http) with context path ''
2021-02-17 15:37:04.475  INFO 40158 --- [    Test worker] c.m.c.s.impl.EmployeeServiceImplTest     : Started EmployeeServiceImplTest in 0.742 seconds (JVM running for 4.321)
2021-02-17 15:37:04.558  INFO 40158 --- [o-auto-1-exec-1] o.a.c.c.C.[Tomcat].[localhost].[/]       : Initializing Spring DispatcherServlet 'dispatcherServlet'
2021-02-17 15:37:04.558  INFO 40158 --- [o-auto-1-exec-1] o.s.web.servlet.DispatcherServlet        : Initializing Servlet 'dispatcherServlet'
2021-02-17 15:37:04.572  INFO 40158 --- [o-auto-1-exec-1] o.s.web.servlet.DispatcherServlet        : Completed initialization in 14 ms
2021-02-17 15:37:04.594 DEBUG 40158 --- [o-auto-1-exec-1] c.m.c.controller.EmployeeController      : Received employee create request for [com.mindex.challenge.data.Employee@2dba9835]
2021-02-17 15:37:04.595 DEBUG 40158 --- [o-auto-1-exec-1] c.m.c.service.impl.EmployeeServiceImpl   : Creating employee [com.mindex.challenge.data.Employee@2dba9835]
2021-02-17 15:37:04.611 DEBUG 40158 --- [o-auto-1-exec-2] c.m.c.controller.EmployeeController      : Received employee create request for id [114c63c3-8d2d-411e-b558-c3e76f6f0d1a]
2021-02-17 15:37:04.611 DEBUG 40158 --- [o-auto-1-exec-2] c.m.c.service.impl.EmployeeServiceImpl   : Creating employee with id [114c63c3-8d2d-411e-b558-c3e76f6f0d1a]
2021-02-17 15:37:04.617 DEBUG 40158 --- [o-auto-1-exec-3] c.m.c.controller.EmployeeController      : Received employee create request for id [114c63c3-8d2d-411e-b558-c3e76f6f0d1a] and employee [com.mindex.challenge.data.Employee@36eb0d6a]
2021-02-17 15:37:04.618 DEBUG 40158 --- [o-auto-1-exec-3] c.m.c.service.impl.EmployeeServiceImpl   : Updating employee [com.mindex.challenge.data.Employee@36eb0d6a]
]]></system-out>
  <system-err><![CDATA[]]></system-err>
</testsuite>
